<?xml version="1.0" encoding="UTF-8"?>
<!-- Generated by org.testng.reporters.JUnitReportReporter -->
<testsuite skipped="0" hostname="DESKTOP-PPCN9R4" name="online_shop.AmazonShopTest2" tests="1" failures="0" timestamp="28 Sep 2020 05:30:06 GMT" time="29.217" errors="0">
  <testcase name="searchTest" time="29.217" classname="online_shop.AmazonShopTest2"/>
</testsuite> <!-- online_shop.AmazonShopTest2 -->
