<?xml version="1.0" encoding="UTF-8"?>
<!-- Generated by org.testng.reporters.JUnitReportReporter -->
<testsuite skipped="0" hostname="DESKTOP-PPCN9R4" name="online_shop.HomePageTest" tests="2" failures="0" timestamp="18 Sep 2020 02:56:31 GMT" time="34.739" errors="0">
  <testcase name="searchTest" time="17.977" classname="online_shop.HomePageTest"/>
  <testcase name="searchTestPageFactory" time="16.762" classname="online_shop.HomePageTest"/>
</testsuite> <!-- online_shop.HomePageTest -->
