<?xml version="1.0" encoding="UTF-8"?>
<!-- Generated by org.testng.reporters.JUnitReportReporter -->
<testsuite skipped="0" hostname="DESKTOP-PPCN9R4" name="lesson21.ClassBTest" tests="3" failures="0" timestamp="17 Sep 2020 02:26:45 GMT" time="0.000" errors="0">
  <testcase name="testB3" time="0.000" classname="lesson21.ClassBTest"/>
  <testcase name="testB2" time="0.000" classname="lesson21.ClassBTest"/>
  <testcase name="testB1" time="0.000" classname="lesson21.ClassBTest"/>
</testsuite> <!-- lesson21.ClassBTest -->
