<?xml version="1.0" encoding="UTF-8"?>
<!-- Generated by org.testng.reporters.JUnitReportReporter -->
<testsuite skipped="0" hostname="DESKTOP-PPCN9R4" name="lesson21.ClassCTest" tests="3" failures="0" timestamp="17 Sep 2020 02:26:45 GMT" time="0.000" errors="0">
  <testcase name="testC3" time="0.000" classname="lesson21.ClassCTest"/>
  <testcase name="testC1" time="0.000" classname="lesson21.ClassCTest"/>
  <testcase name="testC2" time="0.000" classname="lesson21.ClassCTest"/>
</testsuite> <!-- lesson21.ClassCTest -->
